# JRE version: Java(TM) SE Runtime Environment (8.0_171-b11) (build 1.8.0_171-b11)
# Java VM: Java HotSpot(TM) 64-Bit Server VM (25.171-b11 mixed mode windows-amd64 compressed oops)
Heap:
 PSYoungGen      total 230400K, used 221823K [0x000000076b580000, 0x0000000786900000, 0x00000007c0000000)
  eden space 126464K, 93% used [0x000000076b580000,0x00000007728a3630,0x0000000773100000)
  from space 103936K, 99% used [0x000000077ad80000,0x00000007812fc688,0x0000000781300000)
  to   space 127488K, 0% used [0x0000000773100000,0x0000000773100000,0x000000077ad80000)
 ParOldGen       total 555008K, used 326690K [0x00000006c2000000, 0x00000006e3e00000, 0x000000076b580000)
  object space 555008K, 58% used [0x00000006c2000000,0x00000006d5f08980,0x00000006e3e00000)
 Metaspace       used 13425K, capacity 13982K, committed 14080K, reserved 1060864K
  class space    used 1811K, capacity 1992K, committed 2048K, reserved 1048576K
GC Heap History (10 events):
Event: 2.018 GC heap before
{Heap before GC invocations=4 (full 1):
 PSYoungGen      total 75776K, used 10722K [0x000000076b580000, 0x0000000774980000, 0x00000007c0000000)
  eden space 65024K, 0% used [0x000000076b580000,0x000000076b580000,0x000000076f500000)
  from space 10752K, 99% used [0x000000076f500000,0x000000076ff78858,0x000000076ff80000)
  to   space 10752K, 0% used [0x0000000773f00000,0x0000000773f00000,0x0000000774980000)
 ParOldGen       total 173568K, used 149005K [0x00000006c2000000, 0x00000006cc980000, 0x000000076b580000)
  object space 173568K, 85% used [0x00000006c2000000,0x00000006cb1834d8,0x00000006cc980000)
 Metaspace       used 10615K, capacity 11004K, committed 11392K, reserved 1058816K
  class space    used 1423K, capacity 1537K, committed 1664K, reserved 1048576K
Event: 2.069 GC heap after
Heap after GC invocations=4 (full 1):
 PSYoungGen      total 75776K, used 0K [0x000000076b580000, 0x0000000774980000, 0x00000007c0000000)
  eden space 65024K, 0% used [0x000000076b580000,0x000000076b580000,0x000000076f500000)
  from space 10752K, 0% used [0x000000076f500000,0x000000076f500000,0x000000076ff80000)
  to   space 10752K, 0% used [0x0000000773f00000,0x0000000773f00000,0x0000000774980000)
 ParOldGen       total 332800K, used 159276K [0x00000006c2000000, 0x00000006d6500000, 0x000000076b580000)
  object space 332800K, 47% used [0x00000006c2000000,0x00000006cbb8b310,0x00000006d6500000)
 Metaspace       used 10615K, capacity 11004K, committed 11392K, reserved 1058816K
  class space    used 1423K, capacity 1537K, committed 1664K, reserved 1048576K
}
Event: 2.414 GC heap before
{Heap before GC invocations=5 (full 1):
 PSYoungGen      total 75776K, used 65024K [0x000000076b580000, 0x0000000774980000, 0x00000007c0000000)
  eden space 65024K, 100% used [0x000000076b580000,0x000000076f500000,0x000000076f500000)
  from space 10752K, 0% used [0x000000076f500000,0x000000076f500000,0x000000076ff80000)
  to   space 10752K, 0% used [0x0000000773f00000,0x0000000773f00000,0x0000000774980000)
 ParOldGen       total 332800K, used 159276K [0x00000006c2000000, 0x00000006d6500000, 0x000000076b580000)
  object space 332800K, 47% used [0x00000006c2000000,0x00000006cbb8b310,0x00000006d6500000)
 Metaspace       used 10633K, capacity 11068K, committed 11392K, reserved 1058816K
  class space    used 1423K, capacity 1537K, committed 1664K, reserved 1048576K
Event: 2.427 GC heap after
Heap after GC invocations=5 (full 1):
 PSYoungGen      total 109568K, used 10738K [0x000000076b580000, 0x0000000774980000, 0x00000007c0000000)
  eden space 98816K, 0% used [0x000000076b580000,0x000000076b580000,0x0000000771600000)
  from space 10752K, 99% used [0x0000000773f00000,0x000000077497c960,0x0000000774980000)
  to   space 10752K, 0% used [0x0000000773480000,0x0000000773480000,0x0000000773f00000)
 ParOldGen       total 332800K, used 208730K [0x00000006c2000000, 0x00000006d6500000, 0x000000076b580000)
  object space 332800K, 62% used [0x00000006c2000000,0x00000006cebd6978,0x00000006d6500000)
 Metaspace       used 10633K, capacity 11068K, committed 11392K, reserved 1058816K
  class space    used 1423K, capacity 1537K, committed 1664K, reserved 1048576K
}
Event: 3.179 GC heap before
{Heap before GC invocations=6 (full 1):
 PSYoungGen      total 109568K, used 109554K [0x000000076b580000, 0x0000000774980000, 0x00000007c0000000)
  eden space 98816K, 100% used [0x000000076b580000,0x0000000771600000,0x0000000771600000)
  from space 10752K, 99% used [0x0000000773f00000,0x000000077497c960,0x0000000774980000)
  to   space 10752K, 0% used [0x0000000773480000,0x0000000773480000,0x0000000773f00000)
 ParOldGen       total 332800K, used 208730K [0x00000006c2000000, 0x00000006d6500000, 0x000000076b580000)
  object space 332800K, 62% used [0x00000006c2000000,0x00000006cebd6978,0x00000006d6500000)
 Metaspace       used 10645K, capacity 11068K, committed 11392K, reserved 1058816K
  class space    used 1423K, capacity 1537K, committed 1664K, reserved 1048576K
Event: 3.200 GC heap after
Heap after GC invocations=6 (full 1):
 PSYoungGen      total 140800K, used 10726K [0x000000076b580000, 0x0000000781300000, 0x00000007c0000000)
  eden space 130048K, 0% used [0x000000076b580000,0x000000076b580000,0x0000000773480000)
  from space 10752K, 99% used [0x0000000773480000,0x0000000773ef99d8,0x0000000773f00000)
  to   space 103936K, 0% used [0x000000077ad80000,0x000000077ad80000,0x0000000781300000)
 ParOldGen       total 332800K, used 299918K [0x00000006c2000000, 0x00000006d6500000, 0x000000076b580000)
  object space 332800K, 90% used [0x00000006c2000000,0x00000006d44e3a98,0x00000006d6500000)
 Metaspace       used 10645K, capacity 11068K, committed 11392K, reserved 1058816K
  class space    used 1423K, capacity 1537K, committed 1664K, reserved 1048576K
}
Event: 3.200 GC heap before
{Heap before GC invocations=7 (full 2):
 PSYoungGen      total 140800K, used 10726K [0x000000076b580000, 0x0000000781300000, 0x00000007c0000000)
  eden space 130048K, 0% used [0x000000076b580000,0x000000076b580000,0x0000000773480000)
  from space 10752K, 99% used [0x0000000773480000,0x0000000773ef99d8,0x0000000773f00000)
  to   space 103936K, 0% used [0x000000077ad80000,0x000000077ad80000,0x0000000781300000)
 ParOldGen       total 332800K, used 299918K [0x00000006c2000000, 0x00000006d6500000, 0x000000076b580000)
  object space 332800K, 90% used [0x00000006c2000000,0x00000006d44e3a98,0x00000006d6500000)
 Metaspace       used 10645K, capacity 11068K, committed 11392K, reserved 1058816K
  class space    used 1423K, capacity 1537K, committed 1664K, reserved 1048576K
Event: 3.243 GC heap after
Heap after GC invocations=7 (full 2):
 PSYoungGen      total 140800K, used 0K [0x000000076b580000, 0x0000000781300000, 0x00000007c0000000)
  eden space 130048K, 0% used [0x000000076b580000,0x000000076b580000,0x0000000773480000)
  from space 10752K, 0% used [0x0000000773480000,0x0000000773480000,0x0000000773f00000)
  to   space 103936K, 0% used [0x000000077ad80000,0x000000077ad80000,0x0000000781300000)
 ParOldGen       total 555008K, used 310300K [0x00000006c2000000, 0x00000006e3e00000, 0x000000076b580000)
  object space 555008K, 55% used [0x00000006c2000000,0x00000006d4f073d8,0x00000006e3e00000)
 Metaspace       used 10645K, capacity 11068K, committed 11392K, reserved 1058816K
  class space    used 1423K, capacity 1537K, committed 1664K, reserved 1048576K
}
Event: 4.047 GC heap before
{Heap before GC invocations=8 (full 2):
 PSYoungGen      total 140800K, used 130048K [0x000000076b580000, 0x0000000781300000, 0x00000007c0000000)
  eden space 130048K, 100% used [0x000000076b580000,0x0000000773480000,0x0000000773480000)
  from space 10752K, 0% used [0x0000000773480000,0x0000000773480000,0x0000000773f00000)
  to   space 103936K, 0% used [0x000000077ad80000,0x000000077ad80000,0x0000000781300000)
 ParOldGen       total 555008K, used 310300K [0x00000006c2000000, 0x00000006e3e00000, 0x000000076b580000)
  object space 555008K, 55% used [0x00000006c2000000,0x00000006d4f073d8,0x00000006e3e00000)
 Metaspace       used 10647K, capacity 11068K, committed 11392K, reserved 1058816K
  class space    used 1423K, capacity 1537K, committed 1664K, reserved 1048576K
Event: 4.073 GC heap after
Heap after GC invocations=8 (full 2):
 PSYoungGen      total 230400K, used 103921K [0x000000076b580000, 0x0000000786900000, 0x00000007c0000000)
  eden space 126464K, 0% used [0x000000076b580000,0x000000076b580000,0x0000000773100000)
  from space 103936K, 99% used [0x000000077ad80000,0x00000007812fc688,0x0000000781300000)
  to   space 127488K, 0% used [0x0000000773100000,0x0000000773100000,0x000000077ad80000)
 ParOldGen       total 555008K, used 326690K [0x00000006c2000000, 0x00000006e3e00000, 0x000000076b580000)
  object space 555008K, 58% used [0x00000006c2000000,0x00000006d5f08980,0x00000006e3e00000)
 Metaspace       used 10647K, capacity 11068K, committed 11392K, reserved 1058816K
  class space    used 1423K, capacity 1537K, committed 1664K, reserved 1048576K
}

